[debug] [2024-02-28T17:19:34.167Z] ----------------------------------------------------------------------
[debug] [2024-02-28T17:19:34.171Z] Command:       C:\Program Files\nodejs\node.exe C:\Users\Bilal\AppData\Roaming\npm\node_modules\firebase-tools\lib\bin\firebase.js init
[debug] [2024-02-28T17:19:34.172Z] CLI Version:   13.3.1
[debug] [2024-02-28T17:19:34.172Z] Platform:      win32
[debug] [2024-02-28T17:19:34.172Z] Node Version:  v20.11.1
[debug] [2024-02-28T17:19:34.172Z] Time:          Wed Feb 28 2024 22:19:34 GMT+0500 (Pakistan Standard Time)
[debug] [2024-02-28T17:19:34.172Z] ----------------------------------------------------------------------
[debug] 
[debug] [2024-02-28T17:19:34.292Z] > command requires scopes: ["email","openid","https://www.googleapis.com/auth/cloudplatformprojects.readonly","https://www.googleapis.com/auth/firebase","https://www.googleapis.com/auth/cloud-platform"]
[debug] [2024-02-28T17:19:34.293Z] > authorizing via signed-in user (sherozeatwork@gmail.com)
[info] 
     ######## #### ########  ######## ########     ###     ######  ########
     ##        ##  ##     ## ##       ##     ##  ##   ##  ##       ##
     ######    ##  ########  ######   ########  #########  ######  ######
     ##        ##  ##    ##  ##       ##     ## ##     ##       ## ##
     ##       #### ##     ## ######## ########  ##     ##  ######  ########

You're about to initialize a Firebase project in this directory:

  C:\Users\Bilal\StudioProjects\officeuni\Admin-Panel-FlutterWeb-master

Before we get started, keep in mind:

  * You are initializing within an existing Firebase project directory

