#
# There is insufficient memory for the Java Runtime Environment to continue.
# Native memory allocation (malloc) failed to allocate 32744 bytes for ChunkPool::allocate
# Possible reasons:
#   The system is out of physical RAM or swap space
#   The process is running with CompressedOops enabled, and the Java Heap may be blocking the growth of the native heap
# Possible solutions:
#   Reduce memory load on the system
#   Increase physical memory or swap space
#   Check if swap backing store is full
#   Decrease Java heap size (-Xmx/-Xms)
#   Decrease number of Java threads
#   Decrease Java thread stack sizes (-Xss)
#   Set larger code cache with -XX:ReservedCodeCacheSize=
#   JVM is running with Unscaled Compressed Oops mode in which the Java heap is
#     placed in the first 4GB address space. The Java Heap base address is the
#     maximum limit for the native heap growth. Please use -XX:HeapBaseMinAddress
#     to set the Java Heap base and to place the Java Heap above 4GB virtual address.
# This output file may be truncated or incomplete.
#
#  Out of Memory Error (./open/src/hotspot/share/memory/arena.cpp:81), pid=5544, tid=5092
#
# JRE version: Java(TM) SE Runtime Environment 18.9 (11.0.20+9) (build 11.0.20+9-LTS-256)
# Java VM: Java HotSpot(TM) 64-Bit Server VM 18.9 (11.0.20+9-LTS-256, mixed mode, tiered, compressed oops, g1 gc, windows-amd64)
# No core dump will be written. Minidumps are not enabled by default on client versions of Windows
#

---------------  S U M M A R Y ------------

Command Line: --add-opens=java.base/java.util=ALL-UNNAMED --add-opens=java.base/java.lang=ALL-UNNAMED --add-opens=java.base/java.lang.invoke=ALL-UNNAMED --add-opens=java.base/java.util=ALL-UNNAMED --add-opens=java.prefs/java.util.prefs=ALL-UNNAMED --add-opens=java.prefs/java.util.prefs=ALL-UNNAMED --add-opens=java.base/java.nio.charset=ALL-UNNAMED --add-opens=java.base/java.net=ALL-UNNAMED --add-opens=java.base/java.util.concurrent.atomic=ALL-UNNAMED -Xmx1536M -Dfile.encoding=utf8 -Duser.country=US -Duser.language=en -Duser.variant org.gradle.launcher.daemon.bootstrap.GradleDaemon 7.5

Host: Intel(R) Core(TM) i7-5600U CPU @ 2.60GHz, 4 cores, 7G,  Windows 10 , 64 bit Build 19041 (10.0.19041.3570)
Time: Mon Feb 26 22:18:02 2024 Pakistan Standard Time elapsed time: 5940.190094 seconds (0d 1h 39m 0s)

---------------  T H R E A D  ---------------

Current thread (0x00000167d74bd000):  JavaThread "C1 CompilerThread0" daemon [_thread_in_native, id=5092, stack(0x0000005401600000,0x0000005401700000)]


Current CompileTask:
C1:5940190 14991       3       org.gradle.internal.io.LineBufferingOutputStream::write (59 bytes)

Stack: [0x0000005401600000,0x0000005401700000]
Native frames: (J=compiled Java code, j=interpreted, Vv=VM code, C=native code)
V  [jvm.dll+0x6602ba]
V  [jvm.dll+0x7a32af]
V  [jvm.dll+0x7a4979]
V  [jvm.dll+0x7a5013]
V  [jvm.dll+0x258ef5]
V  [jvm.dll+0xb2c7f]
V  [jvm.dll+0xb2fcc]
V  [jvm.dll+0x16d4a9]
V  [jvm.dll+0x16e1a2]
V  [jvm.dll+0x16e257]
V  [jvm.dll+0x170bd9]
V  [jvm.dll+0x172d21]
V  [jvm.dll+0x12abf5]
V  [jvm.dll+0x12a4cf]
V  [jvm.dll+0x12a702]
V  [jvm.dll+0x129a59]
V  [jvm.dll+0x12b8a8]
V  [jvm.dll+0x220e59]
V  [jvm.dll+0x21f17c]
V  [jvm.dll+0x767061]
V  [jvm.dll+0x75f8e4]
V  [jvm.dll+0x65f165]
C  [ucrtbase.dll+0x21bb2]
C  [KERNEL32.DLL+0x17344]
C  [ntdll.dll+0x526b1]


---------------  P R O C E S S  ---------------

Threads class SMR info:
_java_thread_list=0x00000167de5d96e0, length=94, elements={
0x00000167bafd2800, 0x00000167d7498000, 0x00000167d7499800, 0x00000167d7e33000,
0x00000167d74b2800, 0x00000167d74b4800, 0x00000167d74ba000, 0x00000167d74bd000,
0x00000167d74eb000, 0x00000167d7f60800, 0x00000167d997d800, 0x00000167d9704000,
0x00000167d9705000, 0x00000167da2da000, 0x00000167da2d9800, 0x00000167da2db000,
0x00000167da2db800, 0x00000167da2d6000, 0x00000167da2d7000, 0x00000167da2d7800,
0x00000167d9bc8800, 0x00000167d9bcf800, 0x00000167d9bca000, 0x00000167d9bce000,
0x00000167d9bcf000, 0x00000167d9bcb000, 0x00000167d9bc9000, 0x00000167d9bd1800,
0x00000167d9bcb800, 0x00000167d9bd2000, 0x00000167d9bcc800, 0x00000167d9bd3000,
0x00000167d9bd7000, 0x00000167d9bd5800, 0x00000167d9bd6000, 0x00000167d9bd3800,
0x00000167da2d8800, 0x00000167ddc88800, 0x00000167ddc8b800, 0x00000167ddc8a000,
0x00000167ddc8c800, 0x00000167ddc8d000, 0x00000167ddc8e000, 0x00000167ddc8a800,
0x00000167ddc93800, 0x00000167ddc8f000, 0x00000167ddc94800, 0x00000167ddc95800,
0x00000167ddc8f800, 0x00000167ddc96000, 0x00000167ddc90800, 0x00000167ddc97000,
0x00000167ddc91000, 0x00000167ddc92000, 0x00000167ddc93000, 0x00000167df79c000,
0x00000167df798000, 0x00000167df799000, 0x00000167df79a000, 0x00000167df79d000,
0x00000167df797800, 0x00000167df79e000, 0x00000167df79a800, 0x00000167df79e800,
0x00000167df7a1000, 0x00000167df79b800, 0x00000167df7a3000, 0x00000167df7a2000,
0x00000167df7a3800, 0x00000167df7a4800, 0x00000167df7a5000, 0x00000167df79f800,
0x00000167df7a6000, 0x00000167df7a0800, 0x00000167dbad3800, 0x00000167dbad6000,
0x00000167dbad5000, 0x00000167dbad2800, 0x00000167dbad2000, 0x00000167dbad4800,
0x00000167dbad7000, 0x00000167dbadd800, 0x00000167dbad9000, 0x00000167dbad7800,
0x00000167dbadc800, 0x00000167dbade000, 0x00000167dbada000, 0x00000167dbad8800,
0x00000167dbadb000, 0x00000167dbadb800, 0x00000167ec500000, 0x00000167ec502800,
0x00000167ec4ff800, 0x00000167ec4fe000
}

Java Threads: ( => current thread )
  0x00000167bafd2800 JavaThread "main" [_thread_blocked, id=13992, stack(0x0000005400900000,0x0000005400a00000)]
  0x00000167d7498000 JavaThread "Reference Handler" daemon [_thread_blocked, id=14964, stack(0x0000005401000000,0x0000005401100000)]
  0x00000167d7499800 JavaThread "Finalizer" daemon [_thread_blocked, id=11504, stack(0x0000005401100000,0x0000005401200000)]
  0x00000167d7e33000 JavaThread "Signal Dispatcher" daemon [_thread_blocked, id=12296, stack(0x0000005401200000,0x0000005401300000)]
  0x00000167d74b2800 JavaThread "Attach Listener" daemon [_thread_blocked, id=15272, stack(0x0000005401300000,0x0000005401400000)]
  0x00000167d74b4800 JavaThread "Service Thread" daemon [_thread_blocked, id=2408, stack(0x0000005401400000,0x0000005401500000)]
  0x00000167d74ba000 JavaThread "C2 CompilerThread0" daemon [_thread_blocked, id=15040, stack(0x0000005401500000,0x0000005401600000)]
=>0x00000167d74bd000 JavaThread "C1 CompilerThread0" daemon [_thread_in_native, id=5092, stack(0x0000005401600000,0x0000005401700000)]
  0x00000167d74eb000 JavaThread "Sweeper thread" daemon [_thread_blocked, id=11012, stack(0x0000005401700000,0x0000005401800000)]
  0x00000167d7f60800 JavaThread "Common-Cleaner" daemon [_thread_blocked, id=10824, stack(0x0000005401800000,0x0000005401900000)]
  0x00000167d997d800 JavaThread "Daemon health stats" [_thread_blocked, id=9872, stack(0x0000005401d00000,0x0000005401e00000)]
  0x00000167d9704000 JavaThread "Incoming local TCP Connector on port 8193" [_thread_in_native, id=3068, stack(0x0000005401c00000,0x0000005401d00000)]
  0x00000167d9705000 JavaThread "Daemon periodic checks" [_thread_blocked, id=8212, stack(0x0000005401e00000,0x0000005401f00000)]
  0x00000167da2da000 JavaThread "Cache worker for journal cache (C:\Users\Bilal\.gradle\caches\journal-1)" [_thread_blocked, id=232, stack(0x0000005402700000,0x0000005402800000)]
  0x00000167da2d9800 JavaThread "File lock request listener" [_thread_in_native, id=8952, stack(0x0000005402800000,0x0000005402900000)]
  0x00000167da2db000 JavaThread "Cache worker for file hash cache (C:\Users\Bilal\.gradle\caches\7.5\fileHashes)" [_thread_blocked, id=12972, stack(0x0000005402900000,0x0000005402a00000)]
  0x00000167da2db800 JavaThread "File watcher server" daemon [_thread_in_native, id=15072, stack(0x0000005402a00000,0x0000005402b00000)]
  0x00000167da2d6000 JavaThread "File watcher consumer" daemon [_thread_blocked, id=10136, stack(0x0000005402b00000,0x0000005402c00000)]
  0x00000167da2d7000 JavaThread "jar transforms" [_thread_blocked, id=13260, stack(0x0000005402c00000,0x0000005402d00000)]
  0x00000167da2d7800 JavaThread "jar transforms Thread 2" [_thread_blocked, id=15816, stack(0x0000005402d00000,0x0000005402e00000)]
  0x00000167d9bc8800 JavaThread "jar transforms Thread 3" [_thread_blocked, id=15228, stack(0x0000005402e00000,0x0000005402f00000)]
  0x00000167d9bcf800 JavaThread "Cache worker for file content cache (C:\Users\Bilal\.gradle\caches\7.5\fileContent)" [_thread_blocked, id=7028, stack(0x0000005403100000,0x0000005403200000)]
  0x00000167d9bca000 JavaThread "Cache worker for execution history cache (C:\Users\Bilal\.gradle\caches\7.5\executionHistory)" [_thread_blocked, id=6716, stack(0x0000005403400000,0x0000005403500000)]
  0x00000167d9bce000 JavaThread "jar transforms Thread 4" [_thread_blocked, id=10820, stack(0x0000005403500000,0x0000005403600000)]
  0x00000167d9bcf000 JavaThread "Daemon Thread 3" [_thread_blocked, id=12300, stack(0x0000005400700000,0x0000005400800000)]
  0x00000167d9bcb000 JavaThread "Handler for socket connection from /127.0.0.1:8193 to /127.0.0.1:14033" [_thread_in_native, id=10252, stack(0x0000005400800000,0x0000005400900000)]
  0x00000167d9bc9000 JavaThread "Cancel handler" [_thread_blocked, id=14316, stack(0x0000005401f00000,0x0000005402000000)]
  0x00000167d9bd1800 JavaThread "Daemon worker Thread 3" [_thread_blocked, id=13788, stack(0x0000005402000000,0x0000005402100000)]
  0x00000167d9bcb800 JavaThread "Asynchronous log dispatcher for DefaultDaemonConnection: socket connection from /127.0.0.1:8193 to /127.0.0.1:14033" [_thread_blocked, id=8760, stack(0x0000005402100000,0x0000005402200000)]
  0x00000167d9bd2000 JavaThread "Stdin handler" [_thread_blocked, id=1324, stack(0x0000005402200000,0x0000005402300000)]
  0x00000167d9bcc800 JavaThread "Daemon client event forwarder" [_thread_blocked, id=6404, stack(0x0000005402300000,0x0000005402400000)]
  0x00000167d9bd3000 JavaThread "Cache worker for checksums cache (C:\Users\Bilal\StudioProjects\officeuni\Admin-Panel-FlutterWeb-master\android\.gradle\7.5\checksums)" [_thread_blocked, id=13628, stack(0x0000005402400000,0x0000005402500000)]
  0x00000167d9bd7000 JavaThread "Cache worker for cache directory md-rule (C:\Users\Bilal\.gradle\caches\7.5\md-rule)" [_thread_blocked, id=9976, stack(0x0000005402500000,0x0000005402600000)]
  0x00000167d9bd5800 JavaThread "Cache worker for file hash cache (C:\Users\Bilal\StudioProjects\officeuni\Admin-Panel-FlutterWeb-master\android\.gradle\7.5\fileHashes)" [_thread_blocked, id=1404, stack(0x0000005402f00000,0x0000005403000000)]
  0x00000167d9bd6000 JavaThread "Cache worker for cache directory md-supplier (C:\Users\Bilal\.gradle\caches\7.5\md-supplier)" [_thread_blocked, id=14792, stack(0x0000005403000000,0x0000005403100000)]
  0x00000167d9bd3800 JavaThread "Cache worker for kotlin-dsl (C:\Users\Bilal\.gradle\caches\7.5\kotlin-dsl)" [_thread_blocked, id=5556, stack(0x0000005403200000,0x0000005403300000)]
  0x00000167da2d8800 JavaThread "Cache worker for dependencies-accessors (C:\Users\Bilal\StudioProjects\officeuni\Admin-Panel-FlutterWeb-master\android\.gradle\7.5\dependencies-accessors)" [_thread_blocked, id=2304, stack(0x0000005403300000,0x0000005403400000)]
  0x00000167ddc88800 JavaThread "Cache worker for Build Output Cleanup Cache (C:\Users\Bilal\StudioProjects\officeuni\Admin-Panel-FlutterWeb-master\android\.gradle\buildOutputCleanup)" [_thread_blocked, id=2568, stack(0x0000005403700000,0x0000005403800000)]
  0x00000167ddc8b800 JavaThread "Unconstrained build operations" [_thread_blocked, id=10704, stack(0x0000005403800000,0x0000005403900000)]
  0x00000167ddc8a000 JavaThread "Unconstrained build operations Thread 2" [_thread_blocked, id=5060, stack(0x0000005403900000,0x0000005403a00000)]
  0x00000167ddc8c800 JavaThread "Unconstrained build operations Thread 3" [_thread_blocked, id=6380, stack(0x0000005403a00000,0x0000005403b00000)]
  0x00000167ddc8d000 JavaThread "Unconstrained build operations Thread 4" [_thread_blocked, id=7928, stack(0x0000005403b00000,0x0000005403c00000)]
  0x00000167ddc8e000 JavaThread "Unconstrained build operations Thread 5" [_thread_blocked, id=10092, stack(0x0000005403c00000,0x0000005403d00000)]
  0x00000167ddc8a800 JavaThread "Unconstrained build operations Thread 6" [_thread_blocked, id=5192, stack(0x0000005403d00000,0x0000005403e00000)]
  0x00000167ddc93800 JavaThread "Unconstrained build operations Thread 7" [_thread_blocked, id=7112, stack(0x0000005403e00000,0x0000005403f00000)]
  0x00000167ddc8f000 JavaThread "Unconstrained build operations Thread 8" [_thread_blocked, id=15848, stack(0x0000005403f00000,0x0000005404000000)]
  0x00000167ddc94800 JavaThread "Unconstrained build operations Thread 9" [_thread_blocked, id=16336, stack(0x0000005404000000,0x0000005404100000)]
  0x00000167ddc95800 JavaThread "Unconstrained build operations Thread 10" [_thread_blocked, id=3024, stack(0x0000005404100000,0x0000005404200000)]
  0x00000167ddc8f800 JavaThread "Unconstrained build operations Thread 11" [_thread_blocked, id=11580, stack(0x0000005404200000,0x0000005404300000)]
  0x00000167ddc96000 JavaThread "Unconstrained build operations Thread 12" [_thread_blocked, id=1080, stack(0x0000005404300000,0x0000005404400000)]
  0x00000167ddc90800 JavaThread "Unconstrained build operations Thread 13" [_thread_blocked, id=7736, stack(0x0000005404400000,0x0000005404500000)]
  0x00000167ddc97000 JavaThread "Unconstrained build operations Thread 14" [_thread_blocked, id=10640, stack(0x0000005404500000,0x0000005404600000)]
  0x00000167ddc91000 JavaThread "Unconstrained build operations Thread 15" [_thread_blocked, id=1768, stack(0x0000005404600000,0x0000005404700000)]
  0x00000167ddc92000 JavaThread "Unconstrained build operations Thread 16" [_thread_blocked, id=13548, stack(0x0000005404700000,0x0000005404800000)]
  0x00000167ddc93000 JavaThread "Unconstrained build operations Thread 17" [_thread_blocked, id=3596, stack(0x0000005404800000,0x0000005404900000)]
  0x00000167df79c000 JavaThread "Unconstrained build operations Thread 18" [_thread_blocked, id=10880, stack(0x0000005404900000,0x0000005404a00000)]
  0x00000167df798000 JavaThread "Unconstrained build operations Thread 19" [_thread_blocked, id=2092, stack(0x0000005404a00000,0x0000005404b00000)]
  0x00000167df799000 JavaThread "Unconstrained build operations Thread 20" [_thread_blocked, id=3552, stack(0x0000005404b00000,0x0000005404c00000)]
  0x00000167df79a000 JavaThread "Unconstrained build operations Thread 21" [_thread_blocked, id=13856, stack(0x0000005404c00000,0x0000005404d00000)]
  0x00000167df79d000 JavaThread "Unconstrained build operations Thread 22" [_thread_blocked, id=6588, stack(0x0000005404d00000,0x0000005404e00000)]
  0x00000167df797800 JavaThread "Unconstrained build operations Thread 23" [_thread_blocked, id=6660, stack(0x0000005404e00000,0x0000005404f00000)]
  0x00000167df79e000 JavaThread "Unconstrained build operations Thread 24" [_thread_blocked, id=8860, stack(0x0000005404f00000,0x0000005405000000)]
  0x00000167df79a800 JavaThread "Unconstrained build operations Thread 25" [_thread_blocked, id=2604, stack(0x0000005405000000,0x0000005405100000)]
  0x00000167df79e800 JavaThread "Unconstrained build operations Thread 26" [_thread_blocked, id=16272, stack(0x0000005405100000,0x0000005405200000)]
  0x00000167df7a1000 JavaThread "Unconstrained build operations Thread 27" [_thread_blocked, id=6472, stack(0x0000005405200000,0x0000005405300000)]
  0x00000167df79b800 JavaThread "Unconstrained build operations Thread 28" [_thread_blocked, id=9580, stack(0x0000005405300000,0x0000005405400000)]
  0x00000167df7a3000 JavaThread "Unconstrained build operations Thread 29" [_thread_blocked, id=252, stack(0x0000005405400000,0x0000005405500000)]
  0x00000167df7a2000 JavaThread "Unconstrained build operations Thread 30" [_thread_blocked, id=10984, stack(0x0000005405500000,0x0000005405600000)]
  0x00000167df7a3800 JavaThread "Unconstrained build operations Thread 31" [_thread_blocked, id=14276, stack(0x0000005405600000,0x0000005405700000)]
  0x00000167df7a4800 JavaThread "Unconstrained build operations Thread 32" [_thread_blocked, id=1604, stack(0x0000005405700000,0x0000005405800000)]
  0x00000167df7a5000 JavaThread "Unconstrained build operations Thread 33" [_thread_blocked, id=15188, stack(0x0000005405800000,0x0000005405900000)]
  0x00000167df79f800 JavaThread "Unconstrained build operations Thread 34" [_thread_blocked, id=936, stack(0x0000005405900000,0x0000005405a00000)]
  0x00000167df7a6000 JavaThread "Unconstrained build operations Thread 35" [_thread_blocked, id=13884, stack(0x0000005405a00000,0x0000005405b00000)]
  0x00000167df7a0800 JavaThread "Unconstrained build operations Thread 36" [_thread_blocked, id=2188, stack(0x0000005405b00000,0x0000005405c00000)]
  0x00000167dbad3800 JavaThread "Unconstrained build operations Thread 37" [_thread_blocked, id=7236, stack(0x0000005405c00000,0x0000005405d00000)]
  0x00000167dbad6000 JavaThread "Unconstrained build operations Thread 38" [_thread_blocked, id=7548, stack(0x0000005405d00000,0x0000005405e00000)]
  0x00000167dbad5000 JavaThread "Unconstrained build operations Thread 39" [_thread_blocked, id=14432, stack(0x0000005405e00000,0x0000005405f00000)]
  0x00000167dbad2800 JavaThread "Unconstrained build operations Thread 40" [_thread_blocked, id=13988, stack(0x0000005405f00000,0x0000005406000000)]
  0x00000167dbad2000 JavaThread "Cache worker for Build Output Cleanup Cache (C:\flutter\packages\flutter_tools\gradle\.gradle\buildOutputCleanup)" [_thread_blocked, id=16352, stack(0x0000005406300000,0x0000005406400000)]
  0x00000167dbad4800 JavaThread "Kotlin DSL Writer" [_thread_blocked, id=11052, stack(0x0000005406400000,0x0000005406500000)]
  0x00000167dbad7000 JavaThread "Memory manager" [_thread_blocked, id=8492, stack(0x0000005406500000,0x0000005406600000)]
  0x00000167dbadd800 JavaThread "included builds" [_thread_blocked, id=13156, stack(0x0000005406600000,0x0000005406700000)]
  0x00000167dbad9000 JavaThread "Execution worker" [_thread_in_vm, id=11356, stack(0x0000005406700000,0x0000005406800000)]
  0x00000167dbad7800 JavaThread "Execution worker Thread 2" [_thread_blocked, id=760, stack(0x0000005406800000,0x0000005406900000)]
  0x00000167dbadc800 JavaThread "Execution worker Thread 3" [_thread_blocked, id=6368, stack(0x0000005406900000,0x0000005406a00000)]
  0x00000167dbade000 JavaThread "Cache worker for execution history cache (C:\flutter\packages\flutter_tools\gradle\.gradle\7.5\executionHistory)" [_thread_blocked, id=9176, stack(0x0000005406a00000,0x0000005406b00000)]
  0x00000167dbada000 JavaThread "Incoming local TCP Connector on port 14113" [_thread_blocked, id=11864, stack(0x0000005406b00000,0x0000005406c00000)]
  0x00000167dbad8800 JavaThread "Exec process" [_thread_in_native, id=14864, stack(0x0000005406c00000,0x0000005406d00000)]
  0x00000167dbadb000 JavaThread "Exec process Thread 2" [_thread_blocked, id=12768, stack(0x0000005406e00000,0x0000005406f00000)]
  0x00000167dbadb800 JavaThread "Exec process Thread 3" [_thread_in_native, id=9448, stack(0x0000005406f00000,0x0000005407000000)]
  0x00000167ec500000 JavaThread "Exec process Thread 4" [_thread_in_native, id=12672, stack(0x0000005407000000,0x0000005407100000)]
  0x00000167ec502800 JavaThread "/127.0.0.1:14113 to /127.0.0.1:14118 workers" [_thread_blocked, id=13128, stack(0x0000005406d00000,0x0000005406e00000)]
  0x00000167ec4ff800 JavaThread "/127.0.0.1:14113 to /127.0.0.1:14118 workers Thread 2" [_thread_blocked, id=6552, stack(0x0000005407100000,0x0000005407200000)]
  0x00000167ec4fe000 JavaThread "/127.0.0.1:14113 to /127.0.0.1:14118 workers Thread 3" [_thread_blocked, id=12660, stack(0x0000005407200000,0x0000005407300000)]

Other Threads:
  0x00000167d7473800 VMThread "VM Thread" [stack: 0x0000005400f00000,0x0000005401000000] [id=3388]
  0x00000167d7fa9000 WatcherThread [stack: 0x0000005401900000,0x0000005401a00000] [id=15436]
  0x00000167bafe9000 GCTaskThread "GC Thread#0" [stack: 0x0000005400a00000,0x0000005400b00000] [id=6544]
  0x00000167d8394800 GCTaskThread "GC Thread#1" [stack: 0x0000005401a00000,0x0000005401b00000] [id=10872]
  0x00000167d8395800 GCTaskThread "GC Thread#2" [stack: 0x0000005401b00000,0x0000005401c00000] [id=16044]
  0x00000167da02f800 GCTaskThread "GC Thread#3" [stack: 0x0000005402600000,0x0000005402700000] [id=5392]
  0x00000167bb00e000 ConcurrentGCThread "G1 Main Marker" [stack: 0x0000005400b00000,0x0000005400c00000] [id=2608]
  0x00000167bb00f800 ConcurrentGCThread "G1 Conc#0" [stack: 0x0000005400c00000,0x0000005400d00000] [id=1268]
  0x00000167bb09e000 ConcurrentGCThread "G1 Refine#0" [stack: 0x0000005400d00000,0x0000005400e00000] [id=16164]
  0x00000167d901b000 ConcurrentGCThread "G1 Refine#1" [stack: 0x0000005403600000,0x0000005403700000] [id=7404]
  0x00000167bb09f000 ConcurrentGCThread "G1 Young RemSet Sampling" [stack: 0x0000005400e00000,0x0000005400f00000] [id=16108]

Threads with active compile tasks:
C1 CompilerThread0  5940270 14991       3       org.gradle.internal.io.LineBufferingOutputStream::write (59 bytes)

VM state:not at safepoint (normal execution)

VM Mutex/Monitor currently owned by a thread: None

Heap address: 0x00000000a0000000, size: 1536 MB, Compressed Oops mode: 32-bit
Narrow klass base: 0x0000000000000000, Narrow klass shift: 3
Compressed class space size: 1073741824 Address: 0x0000000100000000

Heap:
 garbage-first heap   total 189440K, used 139290K [0x00000000a0000000, 0x0000000100000000)
  region size 1024K, 30 young (30720K), 5 survivors (5120K)
 Metaspace       used 125348K, capacity 128650K, committed 128848K, reserved 1161216K
  class space    used 16064K, capacity 17335K, committed 17408K, reserved 1048576K
Heap Regions: E=young(eden), S=young(survivor), O=old, HS=humongous(starts), HC=humongous(continues), CS=collection set, F=free, A=archive, TAMS=top-at-mark-start (previous, next)
|   0|0x00000000a0000000, 0x00000000a0100000, 0x00000000a0100000|100%|HS|  |TAMS 0x00000000a0100000, 0x00000000a0000000| Complete 
|   1|0x00000000a0100000, 0x00000000a0200000, 0x00000000a0200000|100%|HC|  |TAMS 0x00000000a0200000, 0x00000000a0100000| Complete 
|   2|0x00000000a0200000, 0x00000000a0300000, 0x00000000a0300000|100%|HC|  |TAMS 0x00000000a0300000, 0x00000000a0200000| Complete 
|   3|0x00000000a0300000, 0x00000000a0400000, 0x00000000a0400000|100%| O|  |TAMS 0x00000000a0400000, 0x00000000a0300000| Untracked 
|   4|0x00000000a0400000, 0x00000000a0500000, 0x00000000a0500000|100%| O|  |TAMS 0x00000000a0500000, 0x00000000a0400000| Untracked 
|   5|0x00000000a0500000, 0x00000000a0600000, 0x00000000a0600000|100%| O|  |TAMS 0x00000000a0600000, 0x00000000a0500000| Untracked 
|   6|0x00000000a0600000, 0x00000000a0700000, 0x00000000a0700000|100%| O|  |TAMS 0x00000000a0700000, 0x00000000a0600000| Untracked 
|   7|0x00000000a0700000, 0x00000000a0800000, 0x00000000a0800000|100%| O|  |TAMS 0x00000000a0800000, 0x00000000a0700000| Untracked 
|   8|0x00000000a0800000, 0x00000000a0900000, 0x00000000a0900000|100%| O|  |TAMS 0x00000000a0900000, 0x00000000a0800000| Untracked 
|   9|0x00000000a0900000, 0x00000000a0a00000, 0x00000000a0a00000|100%| O|  |TAMS 0x00000000a0a00000, 0x00000000a0900000| Untracked 
|  10|0x00000000a0a00000, 0x00000000a0b00000, 0x00000000a0b00000|100%| O|  |TAMS 0x00000000a0b00000, 0x00000000a0a00000| Untracked 
|  11|0x00000000a0b00000, 0x00000000a0c00000, 0x00000000a0c00000|100%| O|  |TAMS 0x00000000a0c00000, 0x00000000a0b00000| Untracked 
|  12|0x00000000a0c00000, 0x00000000a0d00000, 0x00000000a0d00000|100%| O|  |TAMS 0x00000000a0d00000, 0x00000000a0c00000| Untracked 
|  13|0x00000000a0d00000, 0x00000000a0e00000, 0x00000000a0e00000|100%| O|  |TAMS 0x00000000a0e00000, 0x00000000a0d00000| Untracked 
|  14|0x00000000a0e00000, 0x00000000a0f00000, 0x00000000a0f00000|100%| O|  |TAMS 0x00000000a0f00000, 0x00000000a0e00000| Untracked 
|  15|0x00000000a0f00000, 0x00000000a1000000, 0x00000000a1000000|100%| O|  |TAMS 0x00000000a1000000, 0x00000000a0f00000| Untracked 
|  16|0x00000000a1000000, 0x00000000a1100000, 0x00000000a1100000|100%| O|  |TAMS 0x00000000a1100000, 0x00000000a1000000| Untracked 
|  17|0x00000000a1100000, 0x00000000a1200000, 0x00000000a1200000|100%| O|  |TAMS 0x00000000a1200000, 0x00000000a1100000| Untracked 
|  18|0x00000000a1200000, 0x00000000a1300000, 0x00000000a1300000|100%| O|  |TAMS 0x00000000a1300000, 0x00000000a1200000| Untracked 
|  19|0x00000000a1300000, 0x00000000a1400000, 0x00000000a1400000|100%| O|  |TAMS 0x00000000a1400000, 0x00000000a1300000| Untracked 
|  20|0x00000000a1400000, 0x00000000a1500000, 0x00000000a1500000|100%| O|  |TAMS 0x00000000a1500000, 0x00000000a1400000| Untracked 
|  21|0x00000000a1500000, 0x00000000a1600000, 0x00000000a1600000|100%| O|  |TAMS 0x00000000a1600000, 0x00000000a1500000| Untracked 
|  22|0x00000000a1600000, 0x00000000a1700000, 0x00000000a1700000|100%|HS|  |TAMS 0x00000000a1700000, 0x00000000a1600000| Complete 
|  23|0x00000000a1700000, 0x00000000a1800000, 0x00000000a1800000|100%| O|  |TAMS 0x00000000a1800000, 0x00000000a1700000| Untracked 
|  24|0x00000000a1800000, 0x00000000a1900000, 0x00000000a1900000|100%| O|  |TAMS 0x00000000a1900000, 0x00000000a1800000| Untracked 
|  25|0x00000000a1900000, 0x00000000a1a00000, 0x00000000a1a00000|100%| O|  |TAMS 0x00000000a1a00000, 0x00000000a1900000| Untracked 
|  26|0x00000000a1a00000, 0x00000000a1b00000, 0x00000000a1b00000|100%| O|  |TAMS 0x00000000a1b00000, 0x00000000a1a00000| Untracked 
|  27|0x00000000a1b00000, 0x00000000a1c00000, 0x00000000a1c00000|100%| O|  |TAMS 0x00000000a1c00000, 0x00000000a1b00000| Untracked 
|  28|0x00000000a1c00000, 0x00000000a1d00000, 0x00000000a1d00000|100%|HS|  |TAMS 0x00000000a1d00000, 0x00000000a1c00000| Complete 
|  29|0x00000000a1d00000, 0x00000000a1e00000, 0x00000000a1e00000|100%| O|  |TAMS 0x00000000a1e00000, 0x00000000a1d00000| Untracked 
|  30|0x00000000a1e00000, 0x00000000a1f00000, 0x00000000a1f00000|100%| O|  |TAMS 0x00000000a1f00000, 0x00000000a1e00000| Untracked 
|  31|0x00000000a1f00000, 0x00000000a2000000, 0x00000000a2000000|100%| O|  |TAMS 0x00000000a2000000, 0x00000000a1f00000| Untracked 
|  32|0x00000000a2000000, 0x00000000a2100000, 0x00000000a2100000|100%| O|  |TAMS 0x00000000a2100000, 0x00000000a2000000| Untracked 
|  33|0x00000000a2100000, 0x00000000a2200000, 0x00000000a2200000|100%| O|  |TAMS 0x00000000a2200000, 0x00000000a2100000| Untracked 
|  34|0x00000000a2200000, 0x00000000a2300000, 0x00000000a2300000|100%| O|  |TAMS 0x00000000a2300000, 0x00000000a2200000| Untracked 
|  35|0x00000000a2300000, 0x00000000a2400000, 0x00000000a2400000|100%| O|  |TAMS 0x00000000a2400000, 0x00000000a2300000| Untracked 
|  36|0x00000000a2400000, 0x00000000a2500000, 0x00000000a2500000|100%| O|  |TAMS 0x00000000a2500000, 0x00000000a2400000| Untracked 
|  37|0x00000000a2500000, 0x00000000a2600000, 0x00000000a2600000|100%| O|  |TAMS 0x00000000a2600000, 0x00000000a2500000| Untracked 
|  38|0x00000000a2600000, 0x00000000a2700000, 0x00000000a2700000|100%|HS|  |TAMS 0x00000000a2700000, 0x00000000a2600000| Complete 
|  39|0x00000000a2700000, 0x00000000a2800000, 0x00000000a2800000|100%|HC|  |TAMS 0x00000000a2800000, 0x00000000a2700000| Complete 
|  40|0x00000000a2800000, 0x00000000a2900000, 0x00000000a2900000|100%|HC|  |TAMS 0x00000000a2900000, 0x00000000a2800000| Complete 
|  41|0x00000000a2900000, 0x00000000a2900000, 0x00000000a2a00000|  0%| F|  |TAMS 0x00000000a2900000, 0x00000000a2900000| Untracked 
|  42|0x00000000a2a00000, 0x00000000a2a00000, 0x00000000a2b00000|  0%| F|  |TAMS 0x00000000a2a00000, 0x00000000a2a00000| Untracked 
|  43|0x00000000a2b00000, 0x00000000a2b00000, 0x00000000a2c00000|  0%| F|  |TAMS 0x00000000a2b00000, 0x00000000a2b00000| Untracked 
|  44|0x00000000a2c00000, 0x00000000a2c00000, 0x00000000a2d00000|  0%| F|  |TAMS 0x00000000a2c00000, 0x00000000a2c00000| Untracked 
|  45|0x00000000a2d00000, 0x00000000a2d00000, 0x00000000a2e00000|  0%| F|  |TAMS 0x00000000a2d00000, 0x00000000a2d00000| Untracked 
|  46|0x00000000a2e00000, 0x00000000a2f00000, 0x00000000a2f00000|100%| O|  |TAMS 0x00000000a2f00000, 0x00000000a2e00000| Untracked 
|  47|0x00000000a2f00000, 0x00000000a3000000, 0x00000000a3000000|100%| O|  |TAMS 0x00000000a3000000, 0x00000000a2f00000| Untracked 
|  48|0x00000000a3000000, 0x00000000a3100000, 0x00000000a3100000|100%| O|  |TAMS 0x00000000a3100000, 0x00000000a3000000| Untracked 
|  49|0x00000000a3100000, 0x00000000a3200000, 0x00000000a3200000|100%| O|  |TAMS 0x00000000a3200000, 0x00000000a3100000| Untracked 
|  50|0x00000000a3200000, 0x00000000a3300000, 0x00000000a3300000|100%| O|  |TAMS 0x00000000a3300000, 0x00000000a3200000| Untracked 
|  51|0x00000000a3300000, 0x00000000a3400000, 0x00000000a3400000|100%| O|  |TAMS 0x00000000a3400000, 0x00000000a3300000| Untracked 
|  52|0x00000000a3400000, 0x00000000a3500000, 0x00000000a3500000|100%| O|  |TAMS 0x00000000a3500000, 0x00000000a3400000| Untracked 
|  53|0x00000000a3500000, 0x00000000a3600000, 0x00000000a3600000|100%| O|  |TAMS 0x00000000a3600000, 0x00000000a3500000| Untracked 
|  54|0x00000000a3600000, 0x00000000a3700000, 0x00000000a3700000|100%| O|  |TAMS 0x00000000a3700000, 0x00000000a3600000| Untracked 
|  55|0x00000000a3700000, 0x00000000a3800000, 0x00000000a3800000|100%| O|  |TAMS 0x00000000a3800000, 0x00000000a3700000| Untracked 
|  56|0x00000000a3800000, 0x00000000a3900000, 0x00000000a3900000|100%| O|  |TAMS 0x00000000a3900000, 0x00000000a3800000| Untracked 
|  57|0x00000000a3900000, 0x00000000a3a00000, 0x00000000a3a00000|100%| O|  |TAMS 0x00000000a3a00000, 0x00000000a3900000| Untracked 
|  58|0x00000000a3a00000, 0x00000000a3b00000, 0x00000000a3b00000|100%| O|  |TAMS 0x00000000a3b00000, 0x00000000a3a00000| Untracked 
|  59|0x00000000a3b00000, 0x00000000a3c00000, 0x00000000a3c00000|100%| O|  |TAMS 0x00000000a3c00000, 0x00000000a3b00000| Untracked 
|  60|0x00000000a3c00000, 0x00000000a3d00000, 0x00000000a3d00000|100%| O|  |TAMS 0x00000000a3d00000, 0x00000000a3c00000| Untracked 
|  61|0x00000000a3d00000, 0x00000000a3e00000, 0x00000000a3e00000|100%| O|  |TAMS 0x00000000a3e00000, 0x00000000a3d00000| Untracked 
|  62|0x00000000a3e00000, 0x00000000a3f00000, 0x00000000a3f00000|100%| O|  |TAMS 0x00000000a3f00000, 0x00000000a3e00000| Untracked 
|  63|0x00000000a3f00000, 0x00000000a4000000, 0x00000000a4000000|100%| O|  |TAMS 0x00000000a4000000, 0x00000000a3f00000| Untracked 
|  64|0x00000000a4000000, 0x00000000a4100000, 0x00000000a4100000|100%| O|  |TAMS 0x00000000a4100000, 0x00000000a4000000| Untracked 
|  65|0x00000000a4100000, 0x00000000a4200000, 0x00000000a4200000|100%| O|  |TAMS 0x00000000a4200000, 0x00000000a4100000| Untracked 
|  66|0x00000000a4200000, 0x00000000a4300000, 0x00000000a4300000|100%| O|  |TAMS 0x00000000a4300000, 0x00000000a4200000| Untracked 
|  67|0x00000000a4300000, 0x00000000a4400000, 0x00000000a4400000|100%| O|  |TAMS 0x00000000a4400000, 0x00000000a4300000| Untracked 
|  68|0x00000000a4400000, 0x00000000a4500000, 0x00000000a4500000|100%| O|  |TAMS 0x00000000a4500000, 0x00000000a4400000| Untracked 
|  69|0x00000000a4500000, 0x00000000a4600000, 0x00000000a4600000|100%|HS|  |TAMS 0x00000000a4600000, 0x00000000a4500000| Complete 
|  70|0x00000000a4600000, 0x00000000a4700000, 0x00000000a4700000|100%| O|  |TAMS 0x00000000a4700000, 0x00000000a4600000| Untracked 
|  71|0x00000000a4700000, 0x00000000a4800000, 0x00000000a4800000|100%| O|  |TAMS 0x00000000a4800000, 0x00000000a4700000| Untracked 
|  72|0x00000000a4800000, 0x00000000a4900000, 0x00000000a4900000|100%| O|  |TAMS 0x00000000a4900000, 0x00000000a4800000| Untracked 
|  73|0x00000000a4900000, 0x00000000a4a00000, 0x00000000a4a00000|100%| O|  |TAMS 0x00000000a4a00000, 0x00000000a4900000| Untracked 
|  74|0x00000000a4a00000, 0x00000000a4b00000, 0x00000000a4b00000|100%| O|  |TAMS 0x00000000a4b00000, 0x00000000a4a00000| Untracked 
|  75|0x00000000a4b00000, 0x00000000a4c00000, 0x00000000a4c00000|100%| O|  |TAMS 0x00000000a4c00000, 0x00000000a4b00000| Untracked 
|  76|0x00000000a4c00000, 0x00000000a4d00000, 0x00000000a4d00000|100%| O|  |TAMS 0x00000000a4d00000, 0x00000000a4c00000| Untracked 
|  77|0x00000000a4d00000, 0x00000000a4e00000, 0x00000000a4e00000|100%| O|  |TAMS 0x00000000a4e00000, 0x00000000a4d00000| Untracked 
|  78|0x00000000a4e00000, 0x00000000a4f00000, 0x00000000a4f00000|100%| O|  |TAMS 0x00000000a4f00000, 0x00000000a4e00000| Untracked 
|  79|0x00000000a4f00000, 0x00000000a5000000, 0x00000000a5000000|100%| O|  |TAMS 0x00000000a5000000, 0x00000000a4f00000| Untracked 
|  80|0x00000000a5000000, 0x00000000a5100000, 0x00000000a5100000|100%| O|  |TAMS 0x00000000a5100000, 0x00000000a5000000| Untracked 
|  81|0x00000000a5100000, 0x00000000a5200000, 0x00000000a5200000|100%| O|  |TAMS 0x00000000a5200000, 0x00000000a5100000| Untracked 
|  82|0x00000000a5200000, 0x00000000a5300000, 0x00000000a5300000|100%| O|  |TAMS 0x00000000a5300000, 0x00000000a5200000| Untracked 
|  83|0x00000000a5300000, 0x00000000a5400000, 0x00000000a5400000|100%| O|  |TAMS 0x00000000a5400000, 0x00000000a5300000| Untracked 
|  84|0x00000000a5400000, 0x00000000a5500000, 0x00000000a5500000|100%| O|  |TAMS 0x00000000a5500000, 0x00000000a5400000| Untracked 
|  85|0x00000000a5500000, 0x00000000a5600000, 0x00000000a5600000|100%|HS|  |TAMS 0x00000000a5600000, 0x00000000a5500000| Complete 
|  86|0x00000000a5600000, 0x00000000a5700000, 0x00000000a5700000|100%|HC|  |TAMS 0x00000000a5700000, 0x00000000a5600000| Complete 
|  87|0x00000000a5700000, 0x00000000a5800000, 0x00000000a5800000|100%|HC|  |TAMS 0x00000000a5800000, 0x00000000a5700000| Complete 
|  88|0x00000000a5800000, 0x00000000a5900000, 0x00000000a5900000|100%|HS|  |TAMS 0x00000000a5900000, 0x00000000a5800000| Complete 
|  89|0x00000000a5900000, 0x00000000a5a00000, 0x00000000a5a00000|100%|HC|  |TAMS 0x00000000a5a00000, 0x00000000a5900000| Complete 
|  90|0x00000000a5a00000, 0x00000000a5b00000, 0x00000000a5b00000|100%| O|  |TAMS 0x00000000a5b00000, 0x00000000a5a00000| Untracked 
|  91|0x00000000a5b00000, 0x00000000a5c00000, 0x00000000a5c00000|100%| O|  |TAMS 0x00000000a5c00000, 0x00000000a5b00000| Untracked 
|  92|0x00000000a5c00000, 0x00000000a5d00000, 0x00000000a5d00000|100%| O|  |TAMS 0x00000000a5d00000, 0x00000000a5c00000| Untracked 
|  93|0x00000000a5d00000, 0x00000000a5e00000, 0x00000000a5e00000|100%| O|  |TAMS 0x00000000a5e00000, 0x00000000a5d00000| Untracked 
|  94|0x00000000a5e00000, 0x00000000a5f00000, 0x00000000a5f00000|100%| O|  |TAMS 0x00000000a5f00000, 0x00000000a5e00000| Untracked 
|  95|0x00000000a5f00000, 0x00000000a6000000, 0x00000000a6000000|100%| O|  |TAMS 0x00000000a6000000, 0x00000000a5f00000| Untracked 
|  96|0x00000000a6000000, 0x00000000a6100000, 0x00000000a6100000|100%| O|  |TAMS 0x00000000a6051800, 0x00000000a6000000| Untracked 
|  97|0x00000000a6100000, 0x00000000a6200000, 0x00000000a6200000|100%| O|  |TAMS 0x00000000a6200000, 0x00000000a6100000| Untracked 
|  98|0x00000000a6200000, 0x00000000a6300000, 0x00000000a6300000|100%| O|  |TAMS 0x00000000a6300000, 0x00000000a6200000| Untracked 
|  99|0x00000000a6300000, 0x00000000a6400000, 0x00000000a6400000|100%| O|  |TAMS 0x00000000a6400000, 0x00000000a6300000| Untracked 
| 100|0x00000000a6400000, 0x00000000a6500000, 0x00000000a6500000|100%| O|  |TAMS 0x00000000a6500000, 0x00000000a6400000| Untracked 
| 101|0x00000000a6500000, 0x00000000a6600000, 0x00000000a6600000|100%| O|  |TAMS 0x00000000a6500000, 0x00000000a6500000| Untracked 
| 102|0x00000000a6600000, 0x00000000a6700000, 0x00000000a6700000|100%| O|  |TAMS 0x00000000a6600000, 0x00000000a6600000| Untracked 
| 103|0x00000000a6700000, 0x00000000a6800000, 0x00000000a6800000|100%| O|  |TAMS 0x00000000a6700000, 0x00000000a6700000| Untracked 
| 104|0x00000000a6800000, 0x00000000a6900000, 0x00000000a6900000|100%| O|  |TAMS 0x00000000a6800000, 0x00000000a6800000| Untracked 
| 105|0x00000000a6900000, 0x00000000a6a00000, 0x00000000a6a00000|100%| O|  |TAMS 0x00000000a6900000, 0x00000000a6900000| Untracked 
| 106|0x00000000a6a00000, 0x00000000a6b00000, 0x00000000a6b00000|100%| O|  |TAMS 0x00000000a6a00000, 0x00000000a6a00000| Untracked 
| 107|0x00000000a6b00000, 0x00000000a6c00000, 0x00000000a6c00000|100%| O|  |TAMS 0x00000000a6b00000, 0x00000000a6b00000| Untracked 
| 108|0x00000000a6c00000, 0x00000000a6d00000, 0x00000000a6d00000|100%| O|  |TAMS 0x00000000a6c00000, 0x00000000a6c00000| Untracked 
| 109|0x00000000a6d00000, 0x00000000a6e00000, 0x00000000a6e00000|100%| O|  |TAMS 0x00000000a6d00000, 0x00000000a6d00000| Untracked 
| 110|0x00000000a6e00000, 0x00000000a6f00000, 0x00000000a6f00000|100%| O|  |TAMS 0x00000000a6e00000, 0x00000000a6e00000| Untracked 
| 111|0x00000000a6f00000, 0x00000000a7000000, 0x00000000a7000000|100%| O|  |TAMS 0x00000000a6f00000, 0x00000000a6f00000| Untracked 
| 112|0x00000000a7000000, 0x00000000a709ce00, 0x00000000a7100000| 61%| O|  |TAMS 0x00000000a7000000, 0x00000000a7000000| Untracked 
| 113|0x00000000a7100000, 0x00000000a7100000, 0x00000000a7200000|  0%| F|  |TAMS 0x00000000a7100000, 0x00000000a7100000| Untracked 
| 114|0x00000000a7200000, 0x00000000a7200000, 0x00000000a7300000|  0%| F|  |TAMS 0x00000000a7200000, 0x00000000a7200000| Untracked 
| 115|0x00000000a7300000, 0x00000000a7300000, 0x00000000a7400000|  0%| F|  |TAMS 0x00000000a7300000, 0x00000000a7300000| Untracked 
| 116|0x00000000a7400000, 0x00000000a7400000, 0x00000000a7500000|  0%| F|  |TAMS 0x00000000a7400000, 0x00000000a7400000| Untracked 
| 117|0x00000000a7500000, 0x00000000a7500000, 0x00000000a7600000|  0%| F|  |TAMS 0x00000000a7500000, 0x00000000a7500000| Untracked 
| 118|0x00000000a7600000, 0x00000000a7600000, 0x00000000a7700000|  0%| F|  |TAMS 0x00000000a7600000, 0x00000000a7600000| Untracked 
| 119|0x00000000a7700000, 0x00000000a7700000, 0x00000000a7800000|  0%| F|  |TAMS 0x00000000a7700000, 0x00000000a7700000| Untracked 
| 120|0x00000000a7800000, 0x00000000a7800000, 0x00000000a7900000|  0%| F|  |TAMS 0x00000000a7800000, 0x00000000a7800000| Untracked 
| 121|0x00000000a7900000, 0x00000000a7900000, 0x00000000a7a00000|  0%| F|  |TAMS 0x00000000a7900000, 0x00000000a7900000| Untracked 
| 122|0x00000000a7a00000, 0x00000000a7a00000, 0x00000000a7b00000|  0%| F|  |TAMS 0x00000000a7a00000, 0x00000000a7a00000| Untracked 
| 123|0x00000000a7b00000, 0x00000000a7b00000, 0x00000000a7c00000|  0%| F|  |TAMS 0x00000000a7b00000, 0x00000000a7b00000| Untracked 
| 124|0x00000000a7c00000, 0x00000000a7c00000, 0x00000000a7d00000|  0%| F|  |TAMS 0x00000000a7c00000, 0x00000000a7c00000| Untracked 
| 125|0x00000000a7d00000, 0x00000000a7d00000, 0x00000000a7e00000|  0%| F|  |TAMS 0x00000000a7d00000, 0x00000000a7d00000| Untracked 
| 126|0x00000000a7e00000, 0x00000000a7e00000, 0x00000000a7f00000|  0%| F|  |TAMS 0x00000000a7e00000, 0x00000000a7e00000| Untracked 
| 127|0x00000000a7f00000, 0x00000000a7f00000, 0x00000000a8000000|  0%| F|  |TAMS 0x00000000a7f00000, 0x00000000a7f00000| Untracked 
| 128|0x00000000a8000000, 0x00000000a8000000, 0x00000000a8100000|  0%| F|  |TAMS 0x00000000a8000000, 0x00000000a8000000| Untracked 
| 129|0x00000000a8100000, 0x00000000a8100000, 0x00000000a8200000|  0%| F|  |TAMS 0x00000000a8100000, 0x00000000a8100000| Untracked 
| 130|0x00000000a8200000, 0x00000000a8200000, 0x00000000a8300000|  0%| F|  |TAMS 0x00000000a8200000, 0x00000000a8200000| Untracked 
| 131|0x00000000a8300000, 0x00000000a8300000, 0x00000000a8400000|  0%| F|  |TAMS 0x00000000a8300000, 0x00000000a8300000| Untracked 
| 132|0x00000000a8400000, 0x00000000a8400000, 0x00000000a8500000|  0%| F|  |TAMS 0x00000000a8400000, 0x00000000a8400000| Untracked 
| 133|0x00000000a8500000, 0x00000000a8500000, 0x00000000a8600000|  0%| F|  |TAMS 0x00000000a8500000, 0x00000000a8500000| Untracked 
| 134|0x00000000a8600000, 0x00000000a8600000, 0x00000000a8700000|  0%| F|  |TAMS 0x00000000a8600000, 0x00000000a8600000| Untracked 
| 135|0x00000000a8700000, 0x00000000a8700000, 0x00000000a8800000|  0%| F|  |TAMS 0x00000000a8700000, 0x00000000a8700000| Untracked 
| 136|0x00000000a8800000, 0x00000000a8800000, 0x00000000a8900000|  0%| F|  |TAMS 0x00000000a8800000, 0x00000000a8800000| Untracked 
| 137|0x00000000a8900000, 0x00000000a8900000, 0x00000000a8a00000|  0%| F|  |TAMS 0x00000000a8900000, 0x00000000a8900000| Untracked 
| 138|0x00000000a8a00000, 0x00000000a8a00000, 0x00000000a8b00000|  0%| F|  |TAMS 0x00000000a8a00000, 0x00000000a8a00000| Untracked 
| 139|0x00000000a8b00000, 0x00000000a8b00000, 0x00000000a8c00000|  0%| F|  |TAMS 0x00000000a8b00000, 0x00000000a8b00000| Untracked 
| 140|0x00000000a8c00000, 0x00000000a8c00000, 0x00000000a8d00000|  0%| F|  |TAMS 0x00000000a8c00000, 0x00000000a8c00000| Untracked 
| 141|0x00000000a8d00000, 0x00000000a8d00000, 0x00000000a8e00000|  0%| F|  |TAMS 0x00000000a8d00000, 0x00000000a8d00000| Untracked 
| 142|0x00000000a8e00000, 0x00000000a8e00000, 0x00000000a8f00000|  0%| F|  |TAMS 0x00000000a8e00000, 0x00000000a8e00000| Untracked 
| 143|0x00000000a8f00000, 0x00000000a8f00000, 0x00000000a9000000|  0%| F|  |TAMS 0x00000000a8f00000, 0x00000000a8f00000| Untracked 
| 144|0x00000000a9000000, 0x00000000a9069d68, 0x00000000a9100000| 41%| S|CS|TAMS 0x00000000a9000000, 0x00000000a9000000| Complete 
| 145|0x00000000a9100000, 0x00000000a9200000, 0x00000000a9200000|100%| S|CS|TAMS 0x00000000a9100000, 0x00000000a9100000| Complete 
| 146|0x00000000a9200000, 0x00000000a9300000, 0x00000000a9300000|100%| S|CS|TAMS 0x00000000a9200000, 0x00000000a9200000| Complete 
| 147|0x00000000a9300000, 0x00000000a9300000, 0x00000000a9400000|  0%| F|  |TAMS 0x00000000a9300000, 0x00000000a9300000| Untracked 
| 148|0x00000000a9400000, 0x00000000a9400000, 0x00000000a9500000|  0%| F|  |TAMS 0x00000000a9400000, 0x00000000a9400000| Untracked 
| 149|0x00000000a9500000, 0x00000000a9500000, 0x00000000a9600000|  0%| F|  |TAMS 0x00000000a9500000, 0x00000000a9500000| Untracked 
| 150|0x00000000a9600000, 0x00000000a9700000, 0x00000000a9700000|100%| S|CS|TAMS 0x00000000a9600000, 0x00000000a9600000| Complete 
| 151|0x00000000a9700000, 0x00000000a9800000, 0x00000000a9800000|100%| S|CS|TAMS 0x00000000a9700000, 0x00000000a9700000| Complete 
| 152|0x00000000a9800000, 0x00000000a9800000, 0x00000000a9900000|  0%| F|  |TAMS 0x00000000a9800000, 0x00000000a9800000| Untracked 
| 153|0x00000000a9900000, 0x00000000a9900000, 0x00000000a9a00000|  0%| F|  |TAMS 0x00000000a9900000, 0x00000000a9900000| Untracked 
| 154|0x00000000a9a00000, 0x00000000a9a00000, 0x00000000a9b00000|  0%| F|  |TAMS 0x00000000a9a00000, 0x00000000a9a00000| Untracked 
| 155|0x00000000a9b00000, 0x00000000a9b00000, 0x00000000a9c00000|  0%| F|  |TAMS 0x00000000a9b00000, 0x00000000a9b00000| Untracked 
| 156|0x00000000a9c00000, 0x00000000a9c00000, 0x00000000a9d00000|  0%| F|  |TAMS 0x00000000a9c00000, 0x00000000a9c00000| Untracked 
| 157|0x00000000a9d00000, 0x00000000a9d00000, 0x00000000a9e00000|  0%| F|  |TAMS 0x00000000a9d00000, 0x00000000a9d00000| Untracked 
| 158|0x00000000a9e00000, 0x00000000a9e00000, 0x00000000a9f00000|  0%| F|  |TAMS 0x00000000a9e00000, 0x00000000a9e00000| Untracked 
| 159|0x00000000a9f00000, 0x00000000a9f00000, 0x00000000aa000000|  0%| F|  |TAMS 0x00000000a9f00000, 0x00000000a9f00000| Untracked 
| 160|0x00000000aa000000, 0x00000000aa0cbeb8, 0x00000000aa100000| 79%| E|  |TAMS 0x00000000aa000000, 0x00000000aa000000| Complete 
| 161|0x00000000aa100000, 0x00000000aa200000, 0x00000000aa200000|100%| E|CS|TAMS 0x00000000aa100000, 0x00000000aa100000| Complete 
| 162|0x00000000aa200000, 0x00000000aa300000, 0x00000000aa300000|100%| E|CS|TAMS 0x00000000aa200000, 0x00000000aa200000| Complete 
| 163|0x00000000aa300000, 0x00000000aa400000, 0x00000000aa400000|100%| E|CS|TAMS 0x00000000aa300000, 0x00000000aa300000| Complete 
| 164|0x00000000aa400000, 0x00000000aa500000, 0x00000000aa500000|100%| E|CS|TAMS 0x00000000aa400000, 0x00000000aa400000| Complete 
| 165|0x00000000aa500000, 0x00000000aa600000, 0x00000000aa600000|100%| E|CS|TAMS 0x00000000aa500000, 0x00000000aa500000| Complete 
| 166|0x00000000aa600000, 0x00000000aa700000, 0x00000000aa700000|100%| E|CS|TAMS 0x00000000aa600000, 0x00000000aa600000| Complete 
| 167|0x00000000aa700000, 0x00000000aa800000, 0x00000000aa800000|100%| E|CS|TAMS 0x00000000aa700000, 0x00000000aa700000| Complete 
| 168|0x00000000aa800000, 0x00000000aa900000, 0x00000000aa900000|100%| E|CS|TAMS 0x00000000aa800000, 0x00000000aa800000| Complete 
| 169|0x00000000aa900000, 0x00000000aaa00000, 0x00000000aaa00000|100%| E|CS|TAMS 0x00000000aa900000, 0x00000000aa900000| Complete 
| 170|0x00000000aaa00000, 0x00000000aab00000, 0x00000000aab00000|100%| E|CS|TAMS 0x00000000aaa00000, 0x00000000aaa00000| Complete 
| 171|0x00000000aab00000, 0x00000000aac00000, 0x00000000aac00000|100%| E|CS|TAMS 0x00000000aab00000, 0x00000000aab00000| Complete 
| 172|0x00000000aac00000, 0x00000000aad00000, 0x00000000aad00000|100%| E|CS|TAMS 0x00000000aac00000, 0x00000000aac00000| Complete 
| 173|0x00000000aad00000, 0x00000000aae00000, 0x00000000aae00000|100%| E|CS|TAMS 0x00000000aad00000, 0x00000000aad00000| Complete 
| 174|0x00000000aae00000, 0x00000000aaf00000, 0x00000000aaf00000|100%| E|CS|TAMS 0x00000000aae00000, 0x00000000aae00000| Complete 
| 175|0x00000000aaf00000, 0x00000000ab000000, 0x00000000ab000000|100%| E|CS|TAMS 0x00000000aaf00000, 0x00000000aaf00000| Complete 
| 176|0x00000000ab000000, 0x00000000ab100000, 0x00000000ab100000|100%| E|CS|TAMS 0x00000000ab000000, 0x00000000ab000000| Complete 
| 177|0x00000000ab100000, 0x00000000ab200000, 0x00000000ab200000|100%| E|CS|TAMS 0x00000000ab100000, 0x00000000ab100000| Complete 
| 178|0x00000000ab200000, 0x00000000ab300000, 0x00000000ab300000|100%| E|CS|TAMS 0x00000000ab200000, 0x00000000ab200000| Complete 
| 179|0x00000000ab300000, 0x00000000ab400000, 0x00000000ab400000|100%| E|CS|TAMS 0x00000000ab300000, 0x00000000ab300000| Complete 
| 180|0x00000000ab400000, 0x00000000ab500000, 0x00000000ab500000|100%| E|CS|TAMS 0x00000000ab400000, 0x00000000ab400000| Complete 
| 181|0x00000000ab500000, 0x00000000ab600000, 0x00000000ab600000|100%| E|CS|TAMS 0x00000000ab500000, 0x00000000ab500000| Complete 
| 182|0x00000000ab600000, 0x00000000ab700000, 0x00000000ab700000|100%| E|CS|TAMS 0x00000000ab600000, 0x00000000ab600000| Complete 
| 183|0x00000000ab700000, 0x00000000ab800000, 0x00000000ab800000|100%| E|CS|TAMS 0x00000000ab700000, 0x00000000ab700000| Complete 
| 184|0x00000000ab800000, 0x00000000ab900000, 0x00000000ab900000|100%| E|CS|TAMS 0x00000000ab800000, 0x00000000ab800000| Complete 

Card table byte_map: [0x00000167d19c0000,0x00000167d1cc0000] _byte_map_base: 0x00000167d14c0000

Marking Bits (Prev, Next): (CMBitMap*) 0x00000167bb0075e0, (CMBitMap*) 0x00000167bb0075a8
 Prev Bits: [0x00000167d37c0000, 0x00000167d4fc0000)
 Next Bits: [0x00000167d1fc0000, 0x00000167d37c0000)

Polling page: 0x00000167b8f30000

Metaspace:

Usage:
  Non-class:    108.71 MB capacity,   106.72 MB ( 98%) used,     1.65 MB (  2%) free+waste,   342.06 KB ( <1%) overhead. 
      Class:     16.93 MB capacity,    15.69 MB ( 93%) used,     1.08 MB (  6%) free+waste,   164.06 KB ( <1%) overhead. 
       Both:    125.63 MB capacity,   122.41 MB ( 97%) used,     2.73 MB (  2%) free+waste,   506.12 KB ( <1%) overhead. 

Virtual space:
  Non-class space:      110.00 MB reserved,     108.83 MB ( 99%) committed 
      Class space:        1.00 GB reserved,      17.00 MB (  2%) committed 
             Both:        1.11 GB reserved,     125.83 MB ( 11%) committed 

Chunk freelists:
   Non-Class:  7.62 KB
       Class:  1.12 KB
        Both:  8.75 KB

CodeHeap 'non-profiled nmethods': size=120064Kb used=8479Kb max_used=8479Kb free=111584Kb
 bounds [0x00000167ca180000, 0x00000167ca9d0000, 0x00000167d16c0000]
CodeHeap 'profiled nmethods': size=120000Kb used=30190Kb max_used=30190Kb free=89809Kb
 bounds [0x00000167c2c50000, 0x00000167c49e0000, 0x00000167ca180000]
CodeHeap 'non-nmethods': size=5696Kb used=2374Kb max_used=2423Kb free=3321Kb
 bounds [0x00000167c26c0000, 0x00000167c2940000, 0x00000167c2c50000]
 total_blobs=14991 nmethods=13975 adapters=926
 compilation: enabled
              stopped_count=0, restarted_count=0
 full_count=0

Compilation events (10 events):
Event: 5940.179 Thread 0x00000167d74ba000 14989       4       java.io.PrintStream::ensureOpen (18 bytes)
Event: 5940.180 Thread 0x00000167d74bd000 14990       3       org.gradle.internal.logging.text.AbstractLineChoppingStyledTextOutput$2::execute (77 bytes)
Event: 5940.180 Thread 0x00000167d74ba000 nmethod 14989 0x00000167ca9c8690 code [0x00000167ca9c8800, 0x00000167ca9c8878]
Event: 5940.180 Thread 0x00000167d74bd000 nmethod 14990 0x00000167c49d0f90 code [0x00000167c49d1220, 0x00000167c49d1cb8]
Event: 5940.180 Thread 0x00000167d74bd000 14993       3       org.gradle.internal.logging.text.AbstractLineChoppingStyledTextOutput$1::execute (9 bytes)
Event: 5940.181 Thread 0x00000167d74bd000 nmethod 14993 0x00000167c49d2190 code [0x00000167c49d2340, 0x00000167c49d2548]
Event: 5940.181 Thread 0x00000167d74bd000 14994       3       org.gradle.internal.logging.text.AbstractLineChoppingStyledTextOutput$1::execute (140 bytes)
Event: 5940.183 Thread 0x00000167d74bd000 nmethod 14994 0x00000167c49d2610 code [0x00000167c49d2920, 0x00000167c49d3978]
Event: 5940.183 Thread 0x00000167d74bd000 14991       3       org.gradle.internal.io.LineBufferingOutputStream::write (59 bytes)
Event: 5940.184 Thread 0x00000167d74ba000 14995       4       java.util.concurrent.locks.LockSupport::setBlocker (12 bytes)

GC Heap History (10 events):
Event: 5932.577 GC heap before
{Heap before GC invocations=72 (full 0):
 garbage-first heap   total 157696K, used 131801K [0x00000000a0000000, 0x0000000100000000)
  region size 1024K, 26 young (26624K), 3 survivors (3072K)
 Metaspace       used 119589K, capacity 122314K, committed 122448K, reserved 1155072K
  class space    used 15232K, capacity 16289K, committed 16384K, reserved 1048576K
}
Event: 5932.588 GC heap after
{Heap after GC invocations=73 (full 0):
 garbage-first heap   total 157696K, used 110991K [0x00000000a0000000, 0x0000000100000000)
  region size 1024K, 4 young (4096K), 4 survivors (4096K)
 Metaspace       used 119589K, capacity 122314K, committed 122448K, reserved 1155072K
  class space    used 15232K, capacity 16289K, committed 16384K, reserved 1048576K
}
Event: 5932.768 GC heap before
{Heap before GC invocations=73 (full 0):
 garbage-first heap   total 157696K, used 132495K [0x00000000a0000000, 0x0000000100000000)
  region size 1024K, 25 young (25600K), 4 survivors (4096K)
 Metaspace       used 119595K, capacity 122314K, committed 122448K, reserved 1155072K
  class space    used 15232K, capacity 16289K, committed 16384K, reserved 1048576K
}
Event: 5932.777 GC heap after
{Heap after GC invocations=74 (full 0):
 garbage-first heap   total 189440K, used 113318K [0x00000000a0000000, 0x0000000100000000)
  region size 1024K, 3 young (3072K), 3 survivors (3072K)
 Metaspace       used 119595K, capacity 122314K, committed 122448K, reserved 1155072K
  class space    used 15232K, capacity 16289K, committed 16384K, reserved 1048576K
}
Event: 5933.319 GC heap before
{Heap before GC invocations=74 (full 0):
 garbage-first heap   total 189440K, used 144038K [0x00000000a0000000, 0x0000000100000000)
  region size 1024K, 33 young (33792K), 3 survivors (3072K)
 Metaspace       used 119694K, capacity 122442K, committed 122704K, reserved 1155072K
  class space    used 15232K, capacity 16289K, committed 16384K, reserved 1048576K
}
Event: 5933.329 GC heap after
{Heap after GC invocations=75 (full 0):
 garbage-first heap   total 189440K, used 115413K [0x00000000a0000000, 0x0000000100000000)
  region size 1024K, 5 young (5120K), 5 survivors (5120K)
 Metaspace       used 119694K, capacity 122442K, committed 122704K, reserved 1155072K
  class space    used 15232K, capacity 16289K, committed 16384K, reserved 1048576K
}
Event: 5934.567 GC heap before
{Heap before GC invocations=75 (full 0):
 garbage-first heap   total 189440K, used 146133K [0x00000000a0000000, 0x0000000100000000)
  region size 1024K, 35 young (35840K), 5 survivors (5120K)
 Metaspace       used 121203K, capacity 124197K, committed 124368K, reserved 1157120K
  class space    used 15370K, capacity 16506K, committed 16512K, reserved 1048576K
}
Event: 5934.577 GC heap after
{Heap after GC invocations=76 (full 0):
 garbage-first heap   total 189440K, used 113169K [0x00000000a0000000, 0x0000000100000000)
  region size 1024K, 3 young (3072K), 3 survivors (3072K)
 Metaspace       used 121203K, capacity 124197K, committed 124368K, reserved 1157120K
  class space    used 15370K, capacity 16506K, committed 16512K, reserved 1048576K
}
Event: 5936.295 GC heap before
{Heap before GC invocations=76 (full 0):
 garbage-first heap   total 189440K, used 146961K [0x00000000a0000000, 0x0000000100000000)
  region size 1024K, 36 young (36864K), 3 survivors (3072K)
 Metaspace       used 123640K, capacity 126823K, committed 126928K, reserved 1159168K
  class space    used 15766K, capacity 16966K, committed 17024K, reserved 1048576K
}
Event: 5936.305 GC heap after
{Heap after GC invocations=77 (full 0):
 garbage-first heap   total 189440K, used 114714K [0x00000000a0000000, 0x0000000100000000)
  region size 1024K, 5 young (5120K), 5 survivors (5120K)
 Metaspace       used 123640K, capacity 126823K, committed 126928K, reserved 1159168K
  class space    used 15766K, capacity 16966K, committed 17024K, reserved 1048576K
}

Deoptimization events (10 events):
Event: 5938.015 Thread 0x00000167dbad9000 Uncommon trap: reason=class_check action=maybe_recompile pc=0x00000167ca5163fc method=com.google.common.base.Joiner.toString(Ljava/lang/Object;)Ljava/lang/CharSequence; @ 6 c2
Event: 5938.015 Thread 0x00000167dbad9000 Uncommon trap: reason=class_check action=maybe_recompile pc=0x00000167ca5163fc method=com.google.common.base.Joiner.toString(Ljava/lang/Object;)Ljava/lang/CharSequence; @ 6 c2
Event: 5938.042 Thread 0x00000167dbad9000 Uncommon trap: reason=class_check action=maybe_recompile pc=0x00000167ca657e2c method=java.io.DataOutputStream.write(I)V @ 5 c2
Event: 5938.042 Thread 0x00000167dbad9000 Uncommon trap: reason=class_check action=maybe_recompile pc=0x00000167ca657e2c method=java.io.DataOutputStream.write(I)V @ 5 c2
Event: 5938.042 Thread 0x00000167dbad9000 Uncommon trap: reason=class_check action=maybe_recompile pc=0x00000167ca657e2c method=java.io.DataOutputStream.write(I)V @ 5 c2
Event: 5938.042 Thread 0x00000167dbad9000 Uncommon trap: reason=class_check action=maybe_recompile pc=0x00000167ca657e2c method=java.io.DataOutputStream.write(I)V @ 5 c2
Event: 5940.178 Thread 0x00000167ec500000 Uncommon trap: reason=unstable_if action=reinterpret pc=0x00000167ca498f58 method=org.gradle.internal.logging.text.AbstractLineChoppingStyledTextOutput$2.execute(Lorg/gradle/internal/logging/text/AbstractLineChoppingStyledTextOutput$StateContext;)V @ 34 c
Event: 5940.179 Thread 0x00000167ec500000 Uncommon trap: reason=class_check action=maybe_recompile pc=0x00000167ca5167c8 method=java.io.PrintStream.flush()V @ 12 c2
Event: 5940.179 Thread 0x00000167ec500000 Uncommon trap: reason=unstable_if action=reinterpret pc=0x00000167ca4974f4 method=org.gradle.internal.logging.text.AbstractLineChoppingStyledTextOutput$2.execute(Lorg/gradle/internal/logging/text/AbstractLineChoppingStyledTextOutput$StateContext;)V @ 34 c
Event: 5940.180 Thread 0x00000167ec500000 Uncommon trap: reason=class_check action=maybe_recompile pc=0x00000167ca5167c8 method=java.io.PrintStream.flush()V @ 12 c2

Classes redefined (0 events):
No events

Internal exceptions (10 events):
Event: 5937.765 Thread 0x00000167dbad9000 Exception <a 'java/lang/NoSuchMethodError'{0x00000000aa9bca20}: static Lorg/gradle/api/internal/tasks/compile/MinimalCompilerDaemonForkOptions;.<clinit>()V> (0x00000000aa9bca20) thrown at [./open/src/hotspot/share/prims/jni.cpp, line 1366]
Event: 5937.767 Thread 0x00000167dbad9000 Exception <a 'java/lang/NoSuchMethodError'{0x00000000aa9d0c88}: static Lorg/gradle/api/internal/tasks/compile/MinimalGroovyCompileOptions;.<clinit>()V> (0x00000000aa9d0c88) thrown at [./open/src/hotspot/share/prims/jni.cpp, line 1366]
Event: 5937.786 Thread 0x00000167dbad9000 Exception <a 'java/lang/NoSuchMethodError'{0x00000000aa826c08}: static Lorg/gradle/api/internal/tasks/compile/MinimalGroovyCompilerDaemonForkOptions;.<clinit>()V> (0x00000000aa826c08) thrown at [./open/src/hotspot/share/prims/jni.cpp, line 1366]
Event: 5938.045 Thread 0x00000167dbad9000 Exception <a 'java/lang/NoSuchMethodError'{0x00000000aa243828}: static Lorg/gradle/process/internal/worker/request/WorkerAction;.<clinit>()V> (0x00000000aa243828) thrown at [./open/src/hotspot/share/prims/jni.cpp, line 1366]
Event: 5938.310 Thread 0x00000167dbad8800 Exception <a 'java/lang/NoSuchMethodError'{0x00000000aa2fb0b0}: java.lang.invoke.DirectMethodHandle$Holder.invokeStatic(Ljava/lang/Object;J)V> (0x00000000aa2fb0b0) thrown at [./open/src/hotspot/share/interpreter/linkResolver.cpp, line 772]
Event: 5938.311 Thread 0x00000167dbad8800 Exception <a 'java/lang/NoSuchMethodError'{0x00000000aa100258}: java.lang.invoke.DirectMethodHandle$Holder.invokeStatic(Ljava/lang/Object;J)Ljava/lang/Object;> (0x00000000aa100258) thrown at [./open/src/hotspot/share/interpreter/linkResolver.cpp, line 772
Event: 5938.311 Thread 0x00000167dbad8800 Exception <a 'java/lang/NoSuchMethodError'{0x00000000aa1037e0}: java.lang.invoke.DirectMethodHandle$Holder.invokeSpecial(Ljava/lang/Object;Ljava/lang/Object;J)Ljava/lang/Object;> (0x00000000aa1037e0) thrown at [./open/src/hotspot/share/interpreter/linkRes
Event: 5938.312 Thread 0x00000167dbad8800 Exception <a 'java/lang/NoSuchMethodError'{0x00000000aa106548}: java.lang.invoke.Invokers$Holder.linkToTargetMethod(JLjava/lang/Object;)Ljava/lang/Object;> (0x00000000aa106548) thrown at [./open/src/hotspot/share/interpreter/linkResolver.cpp, line 772]
Event: 5938.316 Thread 0x00000167dbad8800 Exception <a 'java/lang/NoSuchMethodError'{0x00000000aa10b868}: java.lang.invoke.DirectMethodHandle$Holder.invokeStatic(Ljava/lang/Object;Ljava/lang/Object;JLjava/lang/Object;)Ljava/lang/Object;> (0x00000000aa10b868) thrown at [./open/src/hotspot/share/in
Event: 5938.319 Thread 0x00000167dbad8800 Exception <a 'java/lang/NoSuchMethodError'{0x00000000aa10eb78}: java.lang.invoke.DirectMethodHandle$Holder.invokeStaticInit(Ljava/lang/Object;Ljava/lang/Object;JLjava/lang/Object;)Ljava/lang/Object;> (0x00000000aa10eb78) thrown at [./open/src/hotspot/shar

Events (10 events):
Event: 5940.182 loading class org/gradle/process/internal/worker/WorkerJvmMemoryInfoSerializer$JvmMemoryStatusSerializer
Event: 5940.182 loading class org/gradle/process/internal/worker/WorkerJvmMemoryInfoSerializer$JvmMemoryStatusSerializer done
Event: 5940.183 Thread 0x00000167ec4ff800 Thread added: 0x00000167ec4ff800
Event: 5940.183 loading class java/nio/channels/AsynchronousCloseException
Event: 5940.183 Thread 0x00000167ec4fe000 Thread added: 0x00000167ec4fe000
Event: 5940.184 loading class org/gradle/process/internal/worker/request/RequestSerializerRegistry
Event: 5940.184 loading class org/gradle/process/internal/worker/request/RequestSerializerRegistry done
Event: 5940.184 loading class java/nio/channels/AsynchronousCloseException done
Event: 5940.184 loading class org/gradle/process/internal/worker/request/RequestSerializer
Event: 5940.184 loading class org/gradle/process/internal/worker/request/RequestSerializer done


Dynamic libraries:
0x00007ff7c6680000 - 0x00007ff7c6690000 	C:\Program Files\Java\jdk-11\bin\java.exe
0x00007ffbba610000 - 0x00007ffbba807000 	C:\Windows\SYSTEM32\ntdll.dll
0x00007ffbb8920000 - 0x00007ffbb89dd000 	C:\Windows\System32\KERNEL32.DLL
0x00007ffbb82f0000 - 0x00007ffbb85e6000 	C:\Windows\System32\KERNELBASE.dll
0x00007ffbb8060000 - 0x00007ffbb8160000 	C:\Windows\System32\ucrtbase.dll
0x00007ffba3350000 - 0x00007ffba3369000 	C:\Program Files\Java\jdk-11\bin\jli.dll
0x00007ffbb92b0000 - 0x00007ffbb935e000 	C:\Windows\System32\ADVAPI32.dll
0x00007ffbb9030000 - 0x00007ffbb90ce000 	C:\Windows\System32\msvcrt.dll
0x00007ffbb93d0000 - 0x00007ffbb946c000 	C:\Windows\System32\sechost.dll
0x00007ffbb9540000 - 0x00007ffbb9666000 	C:\Windows\System32\RPCRT4.dll
0x00007ffbb90e0000 - 0x00007ffbb927e000 	C:\Windows\System32\USER32.dll
0x00007ffbb85f0000 - 0x00007ffbb8612000 	C:\Windows\System32\win32u.dll
0x00007ffbba5a0000 - 0x00007ffbba5cc000 	C:\Windows\System32\GDI32.dll
0x00007ffbb8160000 - 0x00007ffbb827a000 	C:\Windows\System32\gdi32full.dll
0x00007ffbb7e30000 - 0x00007ffbb7ecd000 	C:\Windows\System32\msvcp_win.dll
0x00007ffb996f0000 - 0x00007ffb9970b000 	C:\Program Files\Java\jdk-11\bin\VCRUNTIME140.dll
0x00007ffba7060000 - 0x00007ffba72fa000 	C:\Windows\WinSxS\amd64_microsoft.windows.common-controls_6595b64144ccf1df_6.0.19041.3570_none_60bb2a3971f3e41a\COMCTL32.dll
0x00007ffbb5730000 - 0x00007ffbb573a000 	C:\Windows\SYSTEM32\VERSION.dll
0x00007ffbba570000 - 0x00007ffbba5a0000 	C:\Windows\System32\IMM32.DLL
0x00007ffba6970000 - 0x00007ffba697c000 	C:\Program Files\Java\jdk-11\bin\vcruntime140_1.dll
0x00007ffb86290000 - 0x00007ffb8631e000 	C:\Program Files\Java\jdk-11\bin\msvcp140.dll
0x00007ffb764e0000 - 0x00007ffb7704d000 	C:\Program Files\Java\jdk-11\bin\server\jvm.dll
0x00007ffbb9280000 - 0x00007ffbb9288000 	C:\Windows\System32\PSAPI.DLL
0x00007ffba2030000 - 0x00007ffba2039000 	C:\Windows\SYSTEM32\WSOCK32.dll
0x00007ffbb9e20000 - 0x00007ffbb9e8b000 	C:\Windows\System32\WS2_32.dll
0x00007ffba7330000 - 0x00007ffba7357000 	C:\Windows\SYSTEM32\WINMM.dll
0x00007ffbb6520000 - 0x00007ffbb6532000 	C:\Windows\SYSTEM32\kernel.appcore.dll
0x00007ffba66a0000 - 0x00007ffba66b0000 	C:\Program Files\Java\jdk-11\bin\verify.dll
0x00007ffbb6230000 - 0x00007ffbb6414000 	C:\Windows\SYSTEM32\DBGHELP.DLL
0x00007ffba4940000 - 0x00007ffba4974000 	C:\Windows\SYSTEM32\dbgcore.DLL
0x00007ffbb7cf0000 - 0x00007ffbb7d72000 	C:\Windows\System32\bcryptPrimitives.dll
0x00007ffb8dfc0000 - 0x00007ffb8dfe8000 	C:\Program Files\Java\jdk-11\bin\java.dll
0x00007ffba6200000 - 0x00007ffba620a000 	C:\Program Files\Java\jdk-11\bin\jimage.dll
0x00007ffb996d0000 - 0x00007ffb996e7000 	C:\Program Files\Java\jdk-11\bin\zip.dll
0x00007ffbb9670000 - 0x00007ffbb9db4000 	C:\Windows\System32\SHELL32.dll
0x00007ffbb59c0000 - 0x00007ffbb615b000 	C:\Windows\SYSTEM32\windows.storage.dll
0x00007ffbb89e0000 - 0x00007ffbb8d34000 	C:\Windows\System32\combase.dll
0x00007ffbb7730000 - 0x00007ffbb775d000 	C:\Windows\SYSTEM32\Wldp.dll
0x00007ffbb8d40000 - 0x00007ffbb8ded000 	C:\Windows\System32\SHCORE.dll
0x00007ffbb9370000 - 0x00007ffbb93c5000 	C:\Windows\System32\shlwapi.dll
0x00007ffbb7c20000 - 0x00007ffbb7c45000 	C:\Windows\SYSTEM32\profapi.dll
0x00007ffb93e20000 - 0x00007ffb93e39000 	C:\Program Files\Java\jdk-11\bin\net.dll
0x00007ffbacdc0000 - 0x00007ffbaceca000 	C:\Windows\SYSTEM32\WINHTTP.dll
0x00007ffbb7490000 - 0x00007ffbb74fa000 	C:\Windows\system32\mswsock.dll
0x00007ffb929b0000 - 0x00007ffb929c2000 	C:\Program Files\Java\jdk-11\bin\nio.dll
0x00007ffba5a00000 - 0x00007ffba5a27000 	C:\Users\Bilal\.gradle\native\e1d6ef7f7dcc3fd88c89a11ec53ec762bb8ba0a96d01ffa2cd45eb1d1d8dd5c5\windows-amd64\native-platform.dll
0x00007ffb7a230000 - 0x00007ffb7a374000 	C:\Users\Bilal\.gradle\native\0d407fdbe67a94daf76414ababcb853783967236a71b16ec16e742cd7a986fd3\windows-amd64\native-platform-file-events.dll
0x00007ffbb1a40000 - 0x00007ffbb1a49000 	C:\Program Files\Java\jdk-11\bin\management.dll
0x00007ffba6140000 - 0x00007ffba614b000 	C:\Program Files\Java\jdk-11\bin\management_ext.dll
0x00007ffbb7690000 - 0x00007ffbb76a8000 	C:\Windows\SYSTEM32\CRYPTSP.dll
0x00007ffbb6d30000 - 0x00007ffbb6d64000 	C:\Windows\system32\rsaenh.dll
0x00007ffbb8030000 - 0x00007ffbb8057000 	C:\Windows\System32\bcrypt.dll
0x00007ffbb7be0000 - 0x00007ffbb7c0e000 	C:\Windows\SYSTEM32\USERENV.dll
0x00007ffbb7680000 - 0x00007ffbb768c000 	C:\Windows\SYSTEM32\CRYPTBASE.dll
0x00007ffbb7130000 - 0x00007ffbb716b000 	C:\Windows\SYSTEM32\IPHLPAPI.DLL
0x00007ffbb90d0000 - 0x00007ffbb90d8000 	C:\Windows\System32\NSI.dll
0x00007ffbadc40000 - 0x00007ffbadc57000 	C:\Windows\SYSTEM32\dhcpcsvc6.DLL
0x00007ffbaeeb0000 - 0x00007ffbaeecd000 	C:\Windows\SYSTEM32\dhcpcsvc.DLL
0x00007ffbb7170000 - 0x00007ffbb723a000 	C:\Windows\SYSTEM32\DNSAPI.dll
0x00007ffb84920000 - 0x00007ffb84947000 	C:\Program Files\Java\jdk-11\bin\sunec.dll
0x00007ffba5b30000 - 0x00007ffba5b3a000 	C:\Windows\System32\rasadhlp.dll
0x00007ffba5cb0000 - 0x00007ffba5d32000 	C:\Windows\System32\fwpuclnt.dll
0x00007ffbabbc0000 - 0x00007ffbabbce000 	C:\Program Files\Java\jdk-11\bin\sunmscapi.dll
0x00007ffbb7ed0000 - 0x00007ffbb802d000 	C:\Windows\System32\CRYPT32.dll
0x00007ffbb77a0000 - 0x00007ffbb77c7000 	C:\Windows\SYSTEM32\ncrypt.dll
0x00007ffbb7760000 - 0x00007ffbb779b000 	C:\Windows\SYSTEM32\NTASN1.dll

dbghelp: loaded successfully - version: 4.0.5 - missing functions: none
symbol engine: initialized successfully - sym options: 0x614 - pdb path: .;C:\Program Files\Java\jdk-11\bin;C:\Windows\SYSTEM32;C:\Windows\WinSxS\amd64_microsoft.windows.common-controls_6595b64144ccf1df_6.0.19041.3570_none_60bb2a3971f3e41a;C:\Program Files\Java\jdk-11\bin\server;C:\Users\Bilal\.gradle\native\e1d6ef7f7dcc3fd88c89a11ec53ec762bb8ba0a96d01ffa2cd45eb1d1d8dd5c5\windows-amd64;C:\Users\Bilal\.gradle\native\0d407fdbe67a94daf76414ababcb853783967236a71b16ec16e742cd7a986fd3\windows-amd64

VM Arguments:
jvm_args: --add-opens=java.base/java.util=ALL-UNNAMED --add-opens=java.base/java.lang=ALL-UNNAMED --add-opens=java.base/java.lang.invoke=ALL-UNNAMED --add-opens=java.base/java.util=ALL-UNNAMED --add-opens=java.prefs/java.util.prefs=ALL-UNNAMED --add-opens=java.prefs/java.util.prefs=ALL-UNNAMED --add-opens=java.base/java.nio.charset=ALL-UNNAMED --add-opens=java.base/java.net=ALL-UNNAMED --add-opens=java.base/java.util.concurrent.atomic=ALL-UNNAMED -Xmx1536M -Dfile.encoding=utf8 -Duser.country=US -Duser.language=en -Duser.variant 
java_command: org.gradle.launcher.daemon.bootstrap.GradleDaemon 7.5
java_class_path (initial): C:\Users\Bilal\.gradle\wrapper\dists\gradle-7.5-all\6qsw290k5lz422uaf8jf6m7co\gradle-7.5\lib\gradle-launcher-7.5.jar
Launcher Type: SUN_STANDARD

[Global flags]
     intx CICompilerCount                          = 3                                         {product} {ergonomic}
     uint ConcGCThreads                            = 1                                         {product} {ergonomic}
     uint G1ConcRefinementThreads                  = 4                                         {product} {ergonomic}
   size_t G1HeapRegionSize                         = 1048576                                   {product} {ergonomic}
    uintx GCDrainStackTargetSize                   = 64                                        {product} {ergonomic}
   size_t InitialHeapSize                          = 134217728                                 {product} {ergonomic}
   size_t MarkStackSize                            = 4194304                                   {product} {ergonomic}
   size_t MaxHeapSize                              = 1610612736                                {product} {command line}
   size_t MaxNewSize                               = 965738496                                 {product} {ergonomic}
   size_t MinHeapDeltaBytes                        = 1048576                                   {product} {ergonomic}
    uintx NonNMethodCodeHeapSize                   = 5830732                                {pd product} {ergonomic}
    uintx NonProfiledCodeHeapSize                  = 122913754                              {pd product} {ergonomic}
    uintx ProfiledCodeHeapSize                     = 122913754                              {pd product} {ergonomic}
    uintx ReservedCodeCacheSize                    = 251658240                              {pd product} {ergonomic}
     bool SegmentedCodeCache                       = true                                      {product} {ergonomic}
     bool UseCompressedClassPointers               = true                                 {lp64_product} {ergonomic}
     bool UseCompressedOops                        = true                                 {lp64_product} {ergonomic}
     bool UseG1GC                                  = true                                      {product} {ergonomic}
     bool UseLargePagesIndividualAllocation        = false                                  {pd product} {ergonomic}

Logging:
Log output configuration:
 #0: stdout all=warning uptime,level,tags
 #1: stderr all=off uptime,level,tags

Environment Variables:
PATH=C:\Program Files\Common Files\Oracle\Java\javapath;C:\Program Files (x86)\Common Files\Oracle\Java\javapath;C:\Windows\system32;C:\Windows;C:\Windows\System32\Wbem;C:\Windows\System32\WindowsPowerShell\v1.0\;C:\Windows\System32\OpenSSH\;C:\Program Files\Git\cmd;C:\Users\Bilal\Downloads\java-1.8.0-openjdk-1.8.0.345-1.b01.redhat.windows.x86_64\java-1.8.0-openjdk-1.8.0.345-1.b01.redhat.windows.x86_64\bin;C:\Program Files\dotnet\;C:\Program Files\MySQL\MySQL Server 8.0\bin;C:\ProgramData\chocolatey\bin;C:\Program Files\Android\Android Studio\bin;C:\platform-tools;C:\Program Files\Java\jdk-11\bin;C:\Users\Bilal\AppData\Local\Pub\Cache\bin;C:\Program Files\nodejs\;C:\Users\Bilal\AppData\Local\Microsoft\WindowsApps;C:\Users\Bilal\AppData\Local\Programs\Microsoft VS Code\bin;C:\tools\dart-sdk\bin;C:\flutter\bin;C:\Users\Bilal\Downloads\java-1.8.0-openjdk-1.8.0.345-1.b01.redhat.windows.x86_64\java-1.8.0-openjdk-1.8.0.345-1.b01.redhat.windows.x86_64\bin;C:\Users\Bilal\AppData\Local\Packages\PythonSoftwareFoundation.Python.3.10_qbz5n2kfra8p0\LocalCache\local-packages\Python310\Scripts;C:\Program Files\Azure Data Studio\bin;C:\Program Files\JetBrains\PyCharm 2023.2.2\bin;;C:\Users\Bilal\AppData\Local\Google\Cloud SDK\google-cloud-sdk\bin;C:\Users\Bilal\AppData\Roaming\Pub\Cache\bin;C:\Users\Bilal\AppData\Local\Pub\Cache;C:\Program Files\Java\jdk-11\bin;C:\Users\Bilal\AppData\Local\Pub\Cache\bin;C:\Users\Bilal\AppData\Local\GitHubDesktop\bin;C:\Users\Bilal\AppData\Roaming\npm
USERNAME=Bilal
OS=Windows_NT
PROCESSOR_IDENTIFIER=Intel64 Family 6 Model 61 Stepping 4, GenuineIntel



---------------  S Y S T E M  ---------------

OS: Windows 10 , 64 bit Build 19041 (10.0.19041.3570)

CPU:total 4 (initial active 4) (2 cores per cpu, 2 threads per core) family 6 model 61 stepping 4 microcode 0x2f, cmov, cx8, fxsr, mmx, sse, sse2, sse3, ssse3, sse4.1, sse4.2, popcnt, avx, avx2, aes, clmul, erms, rtm, 3dnowpref, lzcnt, ht, tsc, tscinvbit, bmi1, bmi2, adx, fma

Memory: 4k page, system-wide physical 8064M (182M free)
TotalPageFile size 26088M (AvailPageFile size 0M)
current process WorkingSet (physical memory assigned to process): 416M, peak: 452M
current process commit charge ("private bytes"): 497M, peak: 525M

vm_info: Java HotSpot(TM) 64-Bit Server VM (11.0.20+9-LTS-256) for windows-amd64 JRE (11.0.20+9-LTS-256), built on Jun 14 2023 10:34:22 by "mach5one" with MS VC++ 17.1 (VS2022)

END.
